Комендантські_балачки/2022-03-23-Комендантські_балачки_з_Андрієм_Попиком_-_22.03.2022.mkv	https://www.youtube.com/watch?v=elHqE9a7QuE
Комендантські_балачки/2022-04-09-Як_в_Латвії_ставляться_до_війни_в_Україні_-_комендантські_балачки_з_Андрієм_Попиком_08.04.2022.mkv	https://www.youtube.com/watch?v=X88hsM1pcFA
Комендантські_балачки/2022-05-15-Українці_-_нація_переможців._Комендантські_балачки_з_Андрієм_Попиком._15.05.2022.mkv	https://www.youtube.com/watch?v=F66T9KxwjUQ
Комендантські_балачки/2022-05-23-💙💛Термінове_звернення_до_глядачів_та_підписників__HELP_💙💛.mkv	https://www.youtube.com/watch?v=La31xs8s9Eg
Комендантські_балачки/2022-07-09-Звернення_до_глядачів_.mkv	https://www.youtube.com/watch?v=RYZfZHklWW0
Комендантські_балачки/2022-07-23-21_00_стрім_-_Комендантські_балачки_з_Андрієм_Попиком.mkv	https://www.youtube.com/watch?v=slyZ9O532oI
Комендантські_балачки/2022-08-31-Мої_учні_взяли_медалі_на_International_Olympiad_in_Informatics__IOI-2022_.__Андрій_Попик_algo.org.ua.mkv	https://www.youtube.com/watch?v=LH4l5HUlajA
Комендантські_балачки/2022-09-01-21_00_стрім_-__Комендантські_балачки_з_Андрієм_Попиком_ДОНАТ_В_ОПИСІ_.mkv	https://www.youtube.com/watch?v=81M-Bh3xgWA
Чат_рулетка/2022-03-15-Російський_бойовий_фантомас_з_чат_рулетки____ОБЕРЕЖНО_БАГАТО_МАТІВ___.mkv	https://www.youtube.com/watch?v=f7aDPLZ1gsw
Чат_рулетка/2022-03-24-Русский_мажор_из_Краснодара_показывает_бедному_украинцу_свою_раскошную_квартиру____в_чат_рулетке.mkv	https://www.youtube.com/watch?v=rdxYpwI9ZtE
Чат_рулетка/2022-03-30-Батя_двох_солдат-бурятів_розказує_українцю_в_чат-рулетці_про_геїв-нациків_в_Україні.mkv	https://www.youtube.com/watch?v=SQCEm-aoVYM
Чат_рулетка/2022-04-01-Етнічний_українець_який_виріс_на_росії_,_розказує_укру_про_війну,_США,_поляків,_біолабораторії....mkv	https://www.youtube.com/watch?v=blc0k7j9BFg
Чат_рулетка/2022-04-03-Русская_бабка_показывает_украинцу_свой_сахар_в_чат_рулетке.mkv	https://www.youtube.com/watch?v=98EtP6JiO2Y
Чат_рулетка/2022-04-05-Білорус__проти_війни_в_Україні_-_Розмова_в_чат-рулетці_з_Андрій_Попик.mkv	https://www.youtube.com/watch?v=rRULra0NEBo
Чат_рулетка/2022-04-07-Американець_за_Україну__Містер_Рем._Республіканець._Єврей_який_втік_з_СРСР_в_1967._чат-рулетка.mkv	https://www.youtube.com/watch?v=RttEIkpZ6Ew
Чат_рулетка/2022-04-09-Наполеон_напал_на_СССР_и_проиграл_в_Ледовом_побоище__-_фанатка_Путіна_вчить_українця._Чат_рулетка.mkv	https://www.youtube.com/watch?v=pdneXQd_TJg
Чат_рулетка/2022-04-10-Русский_извинился_за_Бандеру_в_чат_рулетке._Бандера_не_воевал_за_нацистов..mkv	https://www.youtube.com/watch?v=VA29G5Vl8Tc
Чат_рулетка/2022-04-17-Вантажник_з_сибіру_за_ядерну_війну_.mkv	https://www.youtube.com/watch?v=PGKpg5KudG8
Чат_рулетка/2022-04-18-Русский_солдат_погрожує_вбивати_українців_-_а_потім_такі_опудала_будуть_нити,_що_їхали_на_навчання.mkv	https://www.youtube.com/watch?v=bL0g7s9w7jU
Чат_рулетка/2022-04-19-Найзапекліша_дискусія_в_чат-рулетці____Русский_дед_заснул_в_чат-рулетке.mkv	https://www.youtube.com/watch?v=ym6DYWBR4pQ
Чат_рулетка/2022-04-22-Русский_солдат_против_путина_в_чат_рулетке.mkv	https://www.youtube.com/watch?v=MwibB3Db1j8
Чат_рулетка/2022-04-22-Що_українська_молодь_думає_про_перейменування_вулиць.mkv	https://www.youtube.com/watch?v=nQT96hrQmXE
Чат_рулетка/2022-04-23-Росіянин_викрутив_мозок_в_прямому_ефірі____чат_рулетка_з_Андрієм_Попиком.mkv	https://www.youtube.com/watch?v=YyDSSc_9qMY
Чат_рулетка/2022-04-24-Росіянин_визнав,_що_російська_мова_-_діалект_української,_а_росія_вчинила_як_гітлер._Чат_рулетка.mkv	https://www.youtube.com/watch?v=8lxhmdSsj4I
Чат_рулетка/2022-04-25-Російська_вчителька_за_війну._Ось_хто_виховує_орків..._Хіба_винен_лише_путін?_Чат_рулетка.mkv	https://www.youtube.com/watch?v=uSTX4Yn2xCk
Чат_рулетка/2022-04-27-Битва_з_російським_Z-блогером_в_чат_рулетка._Розсудіть,_хто_виграв?.mkv	https://www.youtube.com/watch?v=WcXtRsIwFJs
Чат_рулетка/2022-04-27-Змусив_росіян_повчити_історію._Хто_заснував_москву,_і_хто_з_нас_Русь?_Не_дамо_вкрасти_нашу_історію...mkv	https://www.youtube.com/watch?v=zvt2R0J3ITI
Чат_рулетка/2022-04-28-Кто_вам_подарил_Украину?_Доктор_історичних_наук_дістав_козир,_але_щось_пішло_не_так..._чат_рулетка.mkv	https://www.youtube.com/watch?v=86g43oboOEs
Чат_рулетка/2022-04-29-Росіянка_сказала_СЛАВА_УКРАЇНІ__Вам_допоможе_весь_світ,_а_ми_будемо_в_такій_дупі..._чат_рулетка.mkv	https://www.youtube.com/watch?v=y9B93UJ2arI
Чат_рулетка/2022-05-01-Ааа__Навіщо_Україні_Пушкін?_МАЙСТЕР_КЛАС__Як_за_2_хвилини_пояснити_росіянам._Поширюйте_методичку____.mkv	https://www.youtube.com/watch?v=0JM6nTwMN6E
Чат_рулетка/2022-05-01-Українці_здавайтесь_росіянам__Жертва_пропаганди_з_Німеччини,_чи_агент_ФСБ?_Ваша_версія?_чат_рулетка.mkv	https://www.youtube.com/watch?v=FUob7XD_v8g
Чат_рулетка/2022-05-02-Росіянин_загуглив_і_втік._Хто_ж_почав_війну_на_Донбасі?_Чат_рулетка.mkv	https://www.youtube.com/watch?v=yqh9kT8Sup4
Чат_рулетка/2022-05-03-А_я_тебе_покажу_откуда_Украина_планировала_напасть_на_росию__росіянка_провела_урок_геополітики....mkv	https://www.youtube.com/watch?v=slZuB3CtSWc
Чат_рулетка/2022-05-03-росія_-_не_Європа,_росія_-_Азія__А_ви_як_вважаєте?_Пояснив_на_пальцях_російському_імперцю....mkv	https://www.youtube.com/watch?v=LzGKYJXgQeQ
Чат_рулетка/2022-05-04-Антивоєнна_активістка_з_росії._чат_рулетка.mkv	https://www.youtube.com/watch?v=ojEadi8t-Uc
Чат_рулетка/2022-05-04-Воював_за_терористів_ДНР_заради_Пушкіна._Роботяга_з_Уралу_в_чат_рулетка.mkv	https://www.youtube.com/watch?v=cQqxg71_GOI
Чат_рулетка/2022-05-04-Злякались_біолабораторій_і_втекли._А_може_і_справді_є_вірус,_що_уражає_мозок_росіян?_чат_рулетка.mkv	https://www.youtube.com/watch?v=gHAtbVHNIOg
Чат_рулетка/2022-05-05-Хаха__Бурят_здувся__Батько_двох_солдат-окупантів_знову_через_місяць_в_чат_рулетка.mkv	https://www.youtube.com/watch?v=qtS14ZrXaNs
Чат_рулетка/2022-05-06-Відос_позитиву__Зустрів_свого_глядача_в_чат_рулетка._Поділюсь_з_вами_цими_радісними_емоціями___.mkv	https://www.youtube.com/watch?v=HT8DnYbmVhk
Чат_рулетка/2022-05-06-Хоче_захопити_Одесу._Росіянин_з_Сибіру_за_повернення_територій_російської_імперії._чат_рулетка.mkv	https://www.youtube.com/watch?v=XHAkMjmVzBs
Чат_рулетка/2022-05-07-Мудра_українська_студентка._Оце_і_є_майбутнє_України__Відчуйте_яка_прірва_з_росіянами_з_чат_рулетки.mkv	https://www.youtube.com/watch?v=75-XpfsJp1I
Чат_рулетка/2022-05-07-Ура__росія_розпадеться__росіянин_зрозумів_хто_агресор,_і_передрік_розпад_росії._чат_рулетка.mkv	https://www.youtube.com/watch?v=MskRoc3CUlA
Чат_рулетка/2022-05-08-Бліц__Няша-утікаша._Рівно_за_2_хвилини_поламав_мозок._Провів_інтелектуальну_спецоперацію._Оцініть?.mkv	https://www.youtube.com/watch?v=STsW1Y4ueGA
Чат_рулетка/2022-05-08-Жриця_Телевізора._НАТО._Коронавірус._Бамбілі._Язик....mkv	https://www.youtube.com/watch?v=_6fm45bC_eg
Чат_рулетка/2022-05-08-Неочікувано__Росіянин_дав_пораду,_як_боротись_проти_ZZoмбі__Що_скажете?_Напишіть_в_коментах.mkv	https://www.youtube.com/watch?v=rLnZ0DMNPrw
Чат_рулетка/2022-05-09-Весь_рашизм_за_40_секунд__БЛІЦ__Найповніша_ілюстрація.mkv	https://www.youtube.com/watch?v=IcWc_SBY_o0
Чат_рулетка/2022-05-09-Розсудіть?_Дохлі_окупанти_-_чи_можна_так_казати?_Посперечався_з_росіянкою._Напишіть_свою_думку..mkv	https://www.youtube.com/watch?v=j4zyYjGSh4M
Чат_рулетка/2022-07-16-Який_відсоток?_порахуйте__ТОП_ОПИТУВАННЯ_РОКУ____чатрулетка._Андрій_Попик.mkv	https://www.youtube.com/watch?v=aAQsQ9G5yQ0
Чат_рулетка/2022-07-18-Макс_заряджає_позитивом_____чатрулетка._зустріч._Андрій_Попик.mkv	https://www.youtube.com/watch?v=p5-EQRVC2kU
Чат_рулетка/2022-07-19-Мармуровий_туалет_уральських_денацифікаторів._чатрулетка._Андрій_Попик.mkv	https://www.youtube.com/watch?v=PzYiEae79kg
Чат_рулетка/2022-07-20-Білоруський_солдат_про_Україну._Беларуский_солдат_про_Украину._чат_рулетка._Андрій_Попик.mkv	https://www.youtube.com/watch?v=9kCQTgukOiU
Чат_рулетка/2022-07-20-Війна_-_воля_божа__росіянин_не_хоче_визнавати_свою_провину._чатрулетка._Андрій_Попик.mkv	https://www.youtube.com/watch?v=tnmqiSkUhW4
Чат_рулетка/2022-07-22-100%_розгром_по_фактам._+_смішний_факт_про_рамзан_кадиров_рамзан_кадыров__чатрулетка._Андрій_Попик..mkv	https://www.youtube.com/watch?v=8iqlgIDuSdc
Чат_рулетка/2022-07-23-Польсько-російський_якут._Як_імперія_розмиває_національну_ідентичність._чатрулетка._Андрій_Попик.mkv	https://www.youtube.com/watch?v=rhnyX6tQ-Is
Чат_рулетка/2022-07-25-Обстріли_Кременчука._Ні_краплі_усвідомлення_від_цинічних_рашистів._чатрулетка._Андрій_Попик.mkv	https://www.youtube.com/watch?v=SvwREcD4rYM
Чат_рулетка/2022-07-25-Путин_-_вор._Комедія_-_Найсміливіший_росіянин_в_світі__чатрулетка._Андрій_Попик..mkv	https://www.youtube.com/watch?v=-QAQcsglPBc
Чат_рулетка/2022-07-27-росія_зомбує_дітей._дитина_з_окупованої_Луганської_області._чатрулетка._Андрій_Попик.mkv	https://www.youtube.com/watch?v=zvh977Bl_wM
Чат_рулетка/2022-07-30-російський_окупант_в_чатрулетка._русский_окупант_в_чат_рулетка._Андрій_Попик.mkv	https://www.youtube.com/watch?v=0V7vvA9V-vw
Чат_рулетка/2022-07-31-Ліпецькі_мажори_і_спєцапірация._чат_рулетка_Андрій_Попик.mkv	https://www.youtube.com/watch?v=L_CowoQlGK0
Чат_рулетка/2022-07-31-Як_Тузік_грєлку__Повний_розгром_по_фактам__чат_рулетка_Україна_росія._Андрій_Попик.mkv	https://www.youtube.com/watch?v=dQptohJQu7g
Чат_рулетка/2022-08-01-Неформальна_думка._росіяни_проти_війни._чат_рулетка._Андрій_Попик.mkv	https://www.youtube.com/watch?v=Fa_bm7vvhaU
Чат_рулетка/2022-08-02-русский_про_Украину_в_чатрулетка._Андрій_Попик.mkv	https://www.youtube.com/watch?v=pRV5RnDXWvg
Чат_рулетка/2022-08-03-Дядя_Слава_открыл_рот._Взял_удар_от_блогера_и_убежал._Нокаут_пропагандиста._чатрулетка_Андрій_Попик.mkv	https://www.youtube.com/watch?v=mhQWwpksFjM
Чат_рулетка/2022-08-03-Краснодар_задумався._Путин_ворует?_чат_рулетка._Андрій_Попик.mkv	https://www.youtube.com/watch?v=O8cAf_F-IDQ
Чат_рулетка/2022-08-05-Ще_одна_руZZкая_пропагандистка._Хотіла_рознервувати,_але_щось_пішло_не_так._чатрулетка._Андрій_Попик.mkv	https://www.youtube.com/watch?v=br_dZ7EqaCo
Чат_рулетка/2022-08-06-Россияне_сняли_флаг__Дети_передумали_поддерживать_войну._чат_рулетка._Андрій_Попик.mkv	https://www.youtube.com/watch?v=-UTkH-M0Zo0
Чат_рулетка/2022-08-07-Ми_брацкій_нарот__чат_рулетка._Андрій_Попик.mkv	https://www.youtube.com/watch?v=BBPB6YqUw78
Чат_рулетка/2022-08-07-Тувінсько-алтайський_термінатор._чатрулетка._Андрій_Попик.mkv	https://www.youtube.com/watch?v=p-mKol6WSAk
Чат_рулетка/2022-08-08-HELP__Квартира_в_Донецьку__Допоможіть_розібратись._чат_рулетка._Андрій_Попик.mkv	https://www.youtube.com/watch?v=5sbJ3CzPeQk
Чат_рулетка/2022-08-09-Війні_і_Мир._Школярі_з_Сургута._чатрулетка_Андрій_Попик.mkv	https://www.youtube.com/watch?v=quVCupGWL0g
Чат_рулетка/2022-08-09-Звернення_до_глядачів._Андрій_Попик..mkv	https://www.youtube.com/watch?v=o6LMw0e90QQ
Чат_рулетка/2022-08-10-Мурманський_економіст._чат_рулетка._Андрій_Попик.mkv	https://www.youtube.com/watch?v=9ZL6jYJfDOc
Чат_рулетка/2022-08-10-Шедевр__руzzкі_сміливі_тільки_проти_України._чат_рулетка._Андрій_Попик.mkv	https://www.youtube.com/watch?v=ttWp4BevCnE
Чат_рулетка/2022-08-11-По_фактам__Нокаут._русский_понимает_что_не_прав._чат_рулетка._Андрій_Попик.mkv	https://www.youtube.com/watch?v=XXOV9aDJGXE
Чат_рулетка/2022-08-12-Горлівка._Історія_життя._чат_рулетка._Война_Донбасс_Горловка_Безлер._Андрій_Попик.mkv	https://www.youtube.com/watch?v=NxmZina-ltE
Чат_рулетка/2022-08-13-Брянський_фантаZер._чатрулетка._Андрій_Попик.mkv	https://www.youtube.com/watch?v=C2nAbOH4nfY
Чат_рулетка/2022-08-13-Казахстан_за_Україну__Казахстан_за_Украину._чат_рулетка._Андрій_Попик.mkv	https://www.youtube.com/watch?v=b7wF_pxiEYc
Чат_рулетка/2022-08-14-Логопед_Попик_рівняє_щелепу_блогеру_українофобу_приемный_покой._чат_рулетка._Андрій_Попик.mkv	https://www.youtube.com/watch?v=8mvJQQcNqhY
Чат_рулетка/2022-08-14-Советская_учительница_Минские_Соглашения_и_медикаменты_под_санкциями._чат_рулетка_Андрій_Попик.mkv	https://www.youtube.com/watch?v=1CNKS3QdsEo
Чат_рулетка/2022-08-15-Експерти_по_Україні__чат_рулетка._Андрій_Попик.mkv	https://www.youtube.com/watch?v=ovnwmADPZmw
Чат_рулетка/2022-08-15-І_знову_зустріч__чат_рулетка_Андрій_Попик__попереднє_відео_в_описі_.mkv	https://www.youtube.com/watch?v=ECuj83QoSgg
Чат_рулетка/2022-08-16-В_гостях_у_турка._Ха-ха__Розмазав_пропагандиста._15_хвилин_насолоди__чат_рулетка._Андрій_Попик.mkv	https://www.youtube.com/watch?v=T2yxnWEFJgI
Чат_рулетка/2022-08-17-Лосев_Live_Публичный_вызов_на_дуэль_российского_блогера_Александра_Лосева._чатрулетка._Андрій_Попик.mkv	https://www.youtube.com/watch?v=ce-GanzSjtI
Чат_рулетка/2022-08-17-Ще_один_експерт_по_Україні._чат_рулетка._Андрій_Попик.mkv	https://www.youtube.com/watch?v=Q61MXepwCio
Чат_рулетка/2022-08-18-Агентура__Як_росія_вкладає_українцям_у_вуха_потрібні_зрадофільські_думки._чат_рулетка._Андрій_Попик.mkv	https://www.youtube.com/watch?v=Kb6CNS-XW98
Чат_рулетка/2022-08-19-Баранкі_гну_-_черговий_юрист-міжнародник._Мініатюра._чатрулетка_Андрій_Попик.mkv	https://www.youtube.com/watch?v=oBo8wJKzVp4
Чат_рулетка/2022-08-19-Рашист-юрисД_і_дакумєнт_АОН._Мініатюра._чатрулетка_Андрій_Попик.mkv	https://www.youtube.com/watch?v=V3u0lpZpYRI
Чат_рулетка/2022-08-20-Знайди_Рембо__В_пошуках_американського_генерала_в_Маріуполі___._чат_рулетка_Андрій_Попик.mkv	https://www.youtube.com/watch?v=otIBkx1ccxs
Чат_рулетка/2022-08-20-Учим_руZZкий_язык._чат_рулетка._Андрій_Попик.mkv	https://www.youtube.com/watch?v=Ks8qascqZus
Чат_рулетка/2022-08-21-Історія_ЛНР._Курс_лекцій_для_дитячого_садочка._чат_рулетка._Андрій_Попик.mkv	https://www.youtube.com/watch?v=R0R17OIeGRM
Чат_рулетка/2022-08-21-Пропагандун-убегун_зрозумів,_що_прилетить_від_ФСБ,_булькнув_глядачам_і_втік._чатрулетка_Андрій_Попик.mkv	https://www.youtube.com/watch?v=MrdQVq9YiD0
Чат_рулетка/2022-08-22-Лосев_Live_Лосев_Слив_-_слабость_русских_пропагандистов._чат_рулетка_Андрій_Попик.mkv	https://www.youtube.com/watch?v=XWCH9iKzWOI
Чат_рулетка/2022-08-22-Русский_солдат_против_войны._чат_рулетка_Андрій_Попик.mkv	https://www.youtube.com/watch?v=cjIs33qtfH4
Чат_рулетка/2022-08-23-Іжевськ_задумався._чатрулетка._Андрій_Попик.mkv	https://www.youtube.com/watch?v=5bQrRYUwVAU
Чат_рулетка/2022-08-24-В_Якутии_рога_дешевле_чем_в_США__чат_рулетка._Андрій_Попик.mkv	https://www.youtube.com/watch?v=jAHnsFk9Q3c
Чат_рулетка/2022-08-24-За_путина__За_швабры__Виталий_Реутов_покрывает_полицейские_пытки_в_тюрьмах._чатрулетка._Андрій_Попик.mkv	https://www.youtube.com/watch?v=pbDVCYh-DaE
Чат_рулетка/2022-08-25-Питерские_школьники_против_войны._ПІДПИШІТЬСЯ__ПОДПИШИТЕСЬ__чат_рулетка_Андрій_Попик.mkv	https://www.youtube.com/watch?v=Fe0zYtLGMmk
Чат_рулетка/2022-08-25-Позитрон._чат_рулетка._Андрій_Попик.mkv	https://www.youtube.com/watch?v=pGI-nj4Atbs
Чат_рулетка/2022-08-26-Свободу_Кавказу__чат_рулетка_Андрій_Попик.mkv	https://www.youtube.com/watch?v=LS1ojIDhFYc
Чат_рулетка/2022-08-27-Лосев_Live_-_Лосев_слив._русские_за_деньги._чатрулетка_Андрій_Попик._ссылка_на_его_ролик_в_описании.mkv	https://www.youtube.com/watch?v=gjnrqA54Vb8
Чат_рулетка/2022-08-27-Томск_против_войны__Все_больше_россиян_поддерживают_Украину._чат_рулетка._Андрій_Попик.mkv	https://www.youtube.com/watch?v=RIv32lpRXUM
Чат_рулетка/2022-08-28-Про_историю_и_войну_с_россиянином_запись_от_12.06.2022__теперь_он_блогер_._чат_рулетка_Андрій_Попик.mkv	https://www.youtube.com/watch?v=Gr0Wh0Xjnyg
Чат_рулетка/2022-08-29-Иркутск_за_Украину_и_против_войны__чат_рулетка._Андрій_Попик.mkv	https://www.youtube.com/watch?v=FVYjv94Ak18
Чат_рулетка/2022-08-29-Казань_за_Бандеру._Татары_за_Украину_и_протви_войны._чат_рулетка._Андрій_Попик.mkv	https://www.youtube.com/watch?v=1BBOxY1TWZ8
Чат_рулетка/2022-08-30-В_СССР_красную_икру_кушали__чат_рулетка._Андрій_Попик.mkv	https://www.youtube.com/watch?v=p2zSK6ESB_c
Чат_рулетка/2022-08-31-Дети_из_Луганска._Реалии_российской_оккупации_чат_рулетка._Андрій_Попик.mkv	https://www.youtube.com/watch?v=IuED52K65Ps
Чат_рулетка/2022-08-31-Мої_учні_взяли_медалі_на_International_Olympiad_in_Informatics__IOI-2022_.__Андрій_Попик_algo.org.ua.mkv	https://www.youtube.com/watch?v=LH4l5HUlajA
Чат_рулетка/2022-09-01-Облом_z-блогера_Житуха_ТВ____чат_рулетка._Андрій_Попик.mkv	https://www.youtube.com/watch?v=b-DFlP_cYXA
